#
# There is insufficient memory for the Java Runtime Environment to continue.
# Native memory allocation (malloc) failed to allocate 171696 bytes for Chunk::new
# Possible reasons:
#   The system is out of physical RAM or swap space
#   In 32 bit mode, the process size limit was hit
# Possible solutions:
#   Reduce memory load on the system
#   Increase physical memory or swap space
#   Check if swap backing store is full
#   Use 64 bit Java on a 64 bit OS
#   Decrease Java heap size (-Xmx/-Xms)
#   Decrease number of Java threads
#   Decrease Java thread stack sizes (-Xss)
#   Set larger code cache with -XX:ReservedCodeCacheSize=
# This output file may be truncated or incomplete.
#
#  Out of Memory Error (allocation.cpp:390), pid=10108, tid=0x00000000000032e4
#
# JRE version: Java(TM) SE Runtime Environment (8.0_131-b11) (build 1.8.0_131-b11)
# Java VM: Java HotSpot(TM) 64-Bit Server VM (25.131-b11 mixed mode windows-amd64 compressed oops)
# Failed to write core dump. Minidumps are not enabled by default on client versions of Windows
#

---------------  T H R E A D  ---------------

Current thread (0x00000000178db000):  JavaThread "C2 CompilerThread1" daemon [_thread_in_native, id=13028, stack(0x0000000019010000,0x0000000019110000)]

Stack: [0x0000000019010000,0x0000000019110000]
[error occurred during error reporting (printing stack bounds), id 0xc0000005]

Native frames: (J=compiled Java code, j=interpreted, Vv=VM code, C=native code)


Current CompileTask:
C2:  59714 9637   !   4       com.sun.tools.javac.parser.JavaTokenizer::readToken (2243 bytes)


---------------  P R O C E S S  ---------------

Java Threads: ( => current thread )
  0x000000001bfa6800 JavaThread "stdout" daemon [_thread_in_native, id=15496, stack(0x00000000272a0000,0x00000000273a0000)]
  0x000000001bfa5000 JavaThread "stderr" daemon [_thread_in_native, id=15688, stack(0x00000000271a0000,0x00000000272a0000)]
  0x000000001bfaa000 JavaThread "stdout" daemon [_thread_in_native, id=13072, stack(0x00000000270a0000,0x00000000271a0000)]
  0x000000001bfa3800 JavaThread "stderr" daemon [_thread_in_native, id=14596, stack(0x0000000026fa0000,0x00000000270a0000)]
  0x000000001bfa3000 JavaThread "stdout" daemon [_thread_in_native, id=8456, stack(0x0000000026ea0000,0x0000000026fa0000)]
  0x000000001bfa8800 JavaThread "stderr" daemon [_thread_in_native, id=3696, stack(0x0000000026da0000,0x0000000026ea0000)]
  0x000000001bfa6000 JavaThread "stdout" daemon [_thread_in_native, id=9696, stack(0x0000000026ca0000,0x0000000026da0000)]
  0x000000001bfa7800 JavaThread "stderr" daemon [_thread_in_native, id=12548, stack(0x0000000026ba0000,0x0000000026ca0000)]
  0x000000001e72f800 JavaThread "stdout" daemon [_thread_in_native, id=11220, stack(0x0000000026aa0000,0x0000000026ba0000)]
  0x000000001e72e800 JavaThread "stderr" daemon [_thread_in_native, id=11852, stack(0x00000000269a0000,0x0000000026aa0000)]
  0x000000001e72e000 JavaThread "stdout" daemon [_thread_in_native, id=8564, stack(0x00000000268a0000,0x00000000269a0000)]
  0x000000001e72c800 JavaThread "stderr" daemon [_thread_in_native, id=14128, stack(0x00000000267a0000,0x00000000268a0000)]
  0x000000001e72b800 JavaThread "stdout" daemon [_thread_in_native, id=6236, stack(0x00000000266a0000,0x00000000267a0000)]
  0x000000001e72d000 JavaThread "stderr" daemon [_thread_in_native, id=11508, stack(0x00000000265a0000,0x00000000266a0000)]
  0x000000001e72a800 JavaThread "stdout" daemon [_thread_in_native, id=13048, stack(0x00000000264a0000,0x00000000265a0000)]
  0x000000001e723000 JavaThread "stderr" daemon [_thread_in_native, id=12476, stack(0x00000000263a0000,0x00000000264a0000)]
  0x000000001e72a000 JavaThread "stdout" daemon [_thread_in_native, id=4420, stack(0x00000000261a0000,0x00000000262a0000)]
  0x000000001e724000 JavaThread "stderr" daemon [_thread_in_native, id=5672, stack(0x00000000260a0000,0x00000000261a0000)]
  0x000000001e722800 JavaThread "stdout" daemon [_thread_in_native, id=7608, stack(0x0000000025fa0000,0x00000000260a0000)]
  0x000000001e729000 JavaThread "stderr" daemon [_thread_in_native, id=2656, stack(0x0000000025ea0000,0x0000000025fa0000)]
  0x000000001e727800 JavaThread "stdout" daemon [_thread_in_native, id=9552, stack(0x0000000025da0000,0x0000000025ea0000)]
  0x000000001e720000 JavaThread "stderr" daemon [_thread_in_native, id=9052, stack(0x0000000025ca0000,0x0000000025da0000)]
  0x000000001e721800 JavaThread "stdout" daemon [_thread_in_native, id=3544, stack(0x0000000025aa0000,0x0000000025ba0000)]
  0x000000001e726000 JavaThread "stderr" daemon [_thread_in_native, id=2524, stack(0x00000000259a0000,0x0000000025aa0000)]
  0x000000001e721000 JavaThread "stdout" daemon [_thread_in_native, id=16300, stack(0x00000000258a0000,0x00000000259a0000)]
  0x000000001e724800 JavaThread "stderr" daemon [_thread_in_native, id=9820, stack(0x00000000257a0000,0x00000000258a0000)]
  0x000000001e725800 JavaThread "stdout" daemon [_thread_in_native, id=8788, stack(0x00000000256a0000,0x00000000257a0000)]
  0x000000001b000800 JavaThread "stderr" daemon [_thread_in_native, id=8872, stack(0x00000000255a0000,0x00000000256a0000)]
  0x000000001afff800 JavaThread "stdout" daemon [_thread_in_native, id=9960, stack(0x00000000254a0000,0x00000000255a0000)]
  0x000000001b005800 JavaThread "stderr" daemon [_thread_in_native, id=10548, stack(0x00000000253a0000,0x00000000254a0000)]
  0x000000001b005000 JavaThread "stdout" daemon [_thread_in_native, id=7332, stack(0x00000000252a0000,0x00000000253a0000)]
  0x000000001b001000 JavaThread "stderr" daemon [_thread_in_native, id=13056, stack(0x00000000251a0000,0x00000000252a0000)]
  0x000000001afff000 JavaThread "stdout" daemon [_thread_in_native, id=8816, stack(0x00000000250a0000,0x00000000251a0000)]
  0x000000001b004000 JavaThread "stderr" daemon [_thread_in_native, id=13292, stack(0x0000000024fa0000,0x00000000250a0000)]
  0x000000001b003800 JavaThread "stdout" daemon [_thread_in_native, id=6984, stack(0x0000000024ea0000,0x0000000024fa0000)]
  0x000000001b002000 JavaThread "stderr" daemon [_thread_in_native, id=11244, stack(0x0000000024da0000,0x0000000024ea0000)]
  0x000000001b002800 JavaThread "stdout" daemon [_thread_in_native, id=7992, stack(0x0000000024ca0000,0x0000000024da0000)]
  0x000000001aff7800 JavaThread "stderr" daemon [_thread_in_native, id=11172, stack(0x0000000024ba0000,0x0000000024ca0000)]
  0x000000001affe000 JavaThread "stdout" daemon [_thread_in_native, id=4688, stack(0x0000000024aa0000,0x0000000024ba0000)]
  0x000000001aff6800 JavaThread "stderr" daemon [_thread_in_native, id=12400, stack(0x00000000249a0000,0x0000000024aa0000)]
  0x000000001affd800 JavaThread "png-cruncher_20" daemon [_thread_blocked, id=12088, stack(0x00000000247a0000,0x00000000248a0000)]
  0x000000001affc800 JavaThread "png-cruncher_19" daemon [_thread_blocked, id=11204, stack(0x00000000246a0000,0x00000000247a0000)]
  0x000000001aff8000 JavaThread "png-cruncher_18" daemon [_thread_blocked, id=980, stack(0x00000000245a0000,0x00000000246a0000)]
  0x000000001aff9800 JavaThread "png-cruncher_17" daemon [_thread_blocked, id=11192, stack(0x00000000244a0000,0x00000000245a0000)]
  0x000000001affc000 JavaThread "png-cruncher_16" daemon [_thread_blocked, id=10036, stack(0x00000000243a0000,0x00000000244a0000)]
  0x000000001affa800 JavaThread "png-cruncher_15" daemon [_thread_blocked, id=6576, stack(0x00000000242a0000,0x00000000243a0000)]
  0x000000001aff9000 JavaThread "png-cruncher_14" daemon [_thread_blocked, id=4000, stack(0x00000000241a0000,0x00000000242a0000)]
  0x000000001affb000 JavaThread "png-cruncher_13" daemon [_thread_blocked, id=4784, stack(0x00000000240a0000,0x00000000241a0000)]
  0x000000001a796000 JavaThread "png-cruncher_12" daemon [_thread_blocked, id=1292, stack(0x0000000023fa0000,0x00000000240a0000)]
  0x000000001a795800 JavaThread "png-cruncher_11" daemon [_thread_blocked, id=10588, stack(0x0000000023ea0000,0x0000000023fa0000)]
  0x000000001a790800 JavaThread "png-cruncher_10" daemon [_thread_blocked, id=8188, stack(0x0000000023da0000,0x0000000023ea0000)]
  0x000000001a797800 JavaThread "png-cruncher_9" daemon [_thread_blocked, id=8584, stack(0x0000000023ca0000,0x0000000023da0000)]
  0x000000001a794800 JavaThread "png-cruncher_8" daemon [_thread_blocked, id=5020, stack(0x0000000023ba0000,0x0000000023ca0000)]
  0x000000001a797000 JavaThread "png-cruncher_7" daemon [_thread_blocked, id=10564, stack(0x0000000023aa0000,0x0000000023ba0000)]
  0x000000001a793800 JavaThread "png-cruncher_6" daemon [_thread_blocked, id=13068, stack(0x00000000239a0000,0x0000000023aa0000)]
  0x000000001a793000 JavaThread "png-cruncher_5" daemon [_thread_blocked, id=10524, stack(0x00000000237a0000,0x00000000238a0000)]
  0x000000001a792000 JavaThread "png-cruncher_4" daemon [_thread_blocked, id=15640, stack(0x00000000236a0000,0x00000000237a0000)]
  0x0000000020cb4000 JavaThread "png-cruncher_3" daemon [_thread_blocked, id=15260, stack(0x00000000235a0000,0x00000000236a0000)]
  0x0000000020cb3000 JavaThread "png-cruncher_2" daemon [_thread_blocked, id=9068, stack(0x00000000234a0000,0x00000000235a0000)]
  0x0000000020cb2800 JavaThread "png-cruncher_1" daemon [_thread_blocked, id=12784, stack(0x00000000233a0000,0x00000000234a0000)]
  0x000000001bbbe000 JavaThread "pool-3-thread-4" [_thread_blocked, id=9572, stack(0x00000000232a0000,0x00000000233a0000)]
  0x000000001da6e000 JavaThread "pool-3-thread-3" [_thread_blocked, id=2752, stack(0x00000000231a0000,0x00000000232a0000)]
  0x000000001da6d800 JavaThread "pool-3-thread-2" [_thread_blocked, id=10140, stack(0x00000000230a0000,0x00000000231a0000)]
  0x0000000019a1c800 JavaThread "pool-3-thread-1" [_thread_blocked, id=11312, stack(0x0000000022fa0000,0x00000000230a0000)]
  0x000000001f9db000 JavaThread "pool-2-thread-1" [_thread_blocked, id=7556, stack(0x0000000020870000,0x0000000020970000)]
  0x000000001994f000 JavaThread "pool-1-thread-1" [_thread_blocked, id=11336, stack(0x000000001ca20000,0x000000001cb20000)]
  0x000000001b27a000 JavaThread "File lock request listener" [_thread_in_native, id=13992, stack(0x000000001a010000,0x000000001a110000)]
  0x000000001791d800 JavaThread "Service Thread" daemon [_thread_blocked, id=7604, stack(0x0000000019610000,0x0000000019710000)]
  0x0000000017916000 JavaThread "C1 CompilerThread2" daemon [_thread_blocked, id=9588, stack(0x0000000019110000,0x0000000019210000)]
=>0x00000000178db000 JavaThread "C2 CompilerThread1" daemon [_thread_in_native, id=13028, stack(0x0000000019010000,0x0000000019110000)]
  0x00000000178bf000 JavaThread "C2 CompilerThread0" daemon [_thread_in_native, id=10640, stack(0x0000000018f10000,0x0000000019010000)]
  0x00000000178bd800 JavaThread "Attach Listener" daemon [_thread_blocked, id=15756, stack(0x0000000018e10000,0x0000000018f10000)]
  0x0000000002d5e800 JavaThread "Signal Dispatcher" daemon [_thread_blocked, id=3024, stack(0x0000000018d10000,0x0000000018e10000)]
  0x0000000002d56800 JavaThread "Finalizer" daemon [_thread_blocked, id=11940, stack(0x0000000018b20000,0x0000000018c20000)]
  0x0000000002d51000 JavaThread "Reference Handler" daemon [_thread_blocked, id=14916, stack(0x0000000018a20000,0x0000000018b20000)]
  0x0000000002b2e000 JavaThread "main" [_thread_in_vm, id=7184, stack(0x0000000002b30000,0x0000000002c30000)]

Other Threads:
  0x0000000017887000 VMThread [stack: 0x0000000018920000,0x0000000018a20000] [id=11568]
  0x000000001924b800 WatcherThread [stack: 0x0000000019710000,0x0000000019810000] [id=9080]

VM state:not at safepoint (normal execution)

VM Mutex/Monitor currently owned by a thread: None

Heap:
 PSYoungGen      total 151040K, used 6928K [0x00000000d5d00000, 0x00000000e1780000, 0x0000000100000000)
  eden space 128000K, 5% used [0x00000000d5d00000,0x00000000d63c4240,0x00000000dda00000)
  from space 23040K, 0% used [0x00000000dda00000,0x00000000dda00000,0x00000000df080000)
  to   space 25088K, 0% used [0x00000000dff00000,0x00000000dff00000,0x00000000e1780000)
 ParOldGen       total 172544K, used 44228K [0x0000000081600000, 0x000000008be80000, 0x00000000d5d00000)
  object space 172544K, 25% used [0x0000000081600000,0x00000000841311a8,0x000000008be80000)
 Metaspace       used 57628K, capacity 59298K, committed 59608K, reserved 1101824K
  class space    used 7695K, capacity 8139K, committed 8192K, reserved 1048576K

Card table byte_map: [0x0000000012120000,0x0000000012520000] byte_map_base: 0x0000000011d15000

Marking Bits: (ParMarkBitMap*) 0x0000000061a2c720
 Begin Bits: [0x0000000012bd0000, 0x0000000014b78000)
 End Bits:   [0x0000000014b78000, 0x0000000016b20000)

Polling page: 0x00000000010b0000

CodeCache: size=245760Kb used=28786Kb max_used=28790Kb free=216973Kb
 bounds [0x0000000002d60000, 0x00000000049a0000, 0x0000000011d60000]
 total_blobs=9017 nmethods=8283 adapters=643
 compilation: enabled

Compilation events (10 events):
Event: 59.667 Thread 0x00000000178bf000 nmethod 9689 0x0000000004996150 code [0x00000000049962a0, 0x0000000004996388]
Event: 59.667 Thread 0x00000000178bf000 9686       4       com.sun.tools.javac.parser.Tokens$Token::checkKind (43 bytes)
Event: 59.669 Thread 0x00000000178bf000 nmethod 9686 0x000000000499c0d0 code [0x000000000499c220, 0x000000000499c2b8]
Event: 59.669 Thread 0x00000000178bf000 9687       4       com.sun.tools.javac.parser.UnicodeReader::scanCommentChar (41 bytes)
Event: 59.669 Thread 0x0000000017916000 9692   !   3       com.sun.tools.javac.parser.JavaTokenizer$BasicComment::scanDocComment (527 bytes)
Event: 59.672 Thread 0x0000000017916000 nmethod 9692 0x0000000004997410 code [0x0000000004997720, 0x0000000004998a18]
Event: 59.673 Thread 0x00000000178bf000 nmethod 9687 0x0000000004996f10 code [0x0000000004997080, 0x0000000004997200]
Event: 59.673 Thread 0x00000000178bf000 9645       4       com.sun.tools.javac.parser.JavaTokenizer::isSpecial (136 bytes)
Event: 59.674 Thread 0x00000000178bf000 nmethod 9645 0x00000000049958d0 code [0x0000000004995aa0, 0x0000000004995b78]
Event: 59.675 Thread 0x00000000178bf000 9693 % !   4       com.sun.tools.javac.parser.JavaTokenizer$BasicComment::scanDocComment @ 387 (527 bytes)

GC Heap History (10 events):
Event: 33.984 GC heap before
{Heap before GC invocations=16 (full 2):
 PSYoungGen      total 108032K, used 108015K [0x00000000d5d00000, 0x00000000de980000, 0x0000000100000000)
  eden space 95744K, 100% used [0x00000000d5d00000,0x00000000dba80000,0x00000000dba80000)
  from space 12288K, 99% used [0x00000000dba80000,0x00000000dc67bf38,0x00000000dc680000)
  to   space 13824K, 0% used [0x00000000ddc00000,0x00000000ddc00000,0x00000000de980000)
 ParOldGen       total 109568K, used 20320K [0x0000000081600000, 0x0000000088100000, 0x00000000d5d00000)
  object space 109568K, 18% used [0x0000000081600000,0x00000000829d81b0,0x0000000088100000)
 Metaspace       used 50166K, capacity 51602K, committed 51712K, reserved 1093632K
  class space    used 6792K, capacity 7115K, committed 7168K, reserved 1048576K
Event: 34.017 GC heap after
Heap after GC invocations=16 (full 2):
 PSYoungGen      total 125440K, used 13792K [0x00000000d5d00000, 0x00000000df100000, 0x0000000100000000)
  eden space 111616K, 0% used [0x00000000d5d00000,0x00000000d5d00000,0x00000000dca00000)
  from space 13824K, 99% used [0x00000000ddc00000,0x00000000de978210,0x00000000de980000)
  to   space 18432K, 0% used [0x00000000dca00000,0x00000000dca00000,0x00000000ddc00000)
 ParOldGen       total 109568K, used 28015K [0x0000000081600000, 0x0000000088100000, 0x00000000d5d00000)
  object space 109568K, 25% used [0x0000000081600000,0x000000008315bcc8,0x0000000088100000)
 Metaspace       used 50166K, capacity 51602K, committed 51712K, reserved 1093632K
  class space    used 6792K, capacity 7115K, committed 7168K, reserved 1048576K
}
Event: 44.425 GC heap before
{Heap before GC invocations=17 (full 2):
 PSYoungGen      total 125440K, used 125408K [0x00000000d5d00000, 0x00000000df100000, 0x0000000100000000)
  eden space 111616K, 100% used [0x00000000d5d00000,0x00000000dca00000,0x00000000dca00000)
  from space 13824K, 99% used [0x00000000ddc00000,0x00000000de978210,0x00000000de980000)
  to   space 18432K, 0% used [0x00000000dca00000,0x00000000dca00000,0x00000000ddc00000)
 ParOldGen       total 109568K, used 28015K [0x0000000081600000, 0x0000000088100000, 0x00000000d5d00000)
  object space 109568K, 25% used [0x0000000081600000,0x000000008315bcc8,0x0000000088100000)
 Metaspace       used 51628K, capacity 53236K, committed 53504K, reserved 1095680K
  class space    used 6933K, capacity 7308K, committed 7424K, reserved 1048576K
Event: 44.465 GC heap after
Heap after GC invocations=17 (full 2):
 PSYoungGen      total 130048K, used 17360K [0x00000000d5d00000, 0x00000000e0480000, 0x0000000100000000)
  eden space 111616K, 0% used [0x00000000d5d00000,0x00000000d5d00000,0x00000000dca00000)
  from space 18432K, 94% used [0x00000000dca00000,0x00000000ddaf40f0,0x00000000ddc00000)
  to   space 20480K, 0% used [0x00000000df080000,0x00000000df080000,0x00000000e0480000)
 ParOldGen       total 109568K, used 28023K [0x0000000081600000, 0x0000000088100000, 0x00000000d5d00000)
  object space 109568K, 25% used [0x0000000081600000,0x000000008315dcc8,0x0000000088100000)
 Metaspace       used 51628K, capacity 53236K, committed 53504K, reserved 1095680K
  class space    used 6933K, capacity 7308K, committed 7424K, reserved 1048576K
}
Event: 54.719 GC heap before
{Heap before GC invocations=18 (full 2):
 PSYoungGen      total 130048K, used 128976K [0x00000000d5d00000, 0x00000000e0480000, 0x0000000100000000)
  eden space 111616K, 100% used [0x00000000d5d00000,0x00000000dca00000,0x00000000dca00000)
  from space 18432K, 94% used [0x00000000dca00000,0x00000000ddaf40f0,0x00000000ddc00000)
  to   space 20480K, 0% used [0x00000000df080000,0x00000000df080000,0x00000000e0480000)
 ParOldGen       total 109568K, used 28023K [0x0000000081600000, 0x0000000088100000, 0x00000000d5d00000)
  object space 109568K, 25% used [0x0000000081600000,0x000000008315dcc8,0x0000000088100000)
 Metaspace       used 52594K, capacity 54236K, committed 54528K, reserved 1095680K
  class space    used 7012K, capacity 7378K, committed 7424K, reserved 1048576K
Event: 54.751 GC heap after
Heap after GC invocations=18 (full 2):
 PSYoungGen      total 148480K, used 19232K [0x00000000d5d00000, 0x00000000e0780000, 0x0000000100000000)
  eden space 128000K, 0% used [0x00000000d5d00000,0x00000000d5d00000,0x00000000dda00000)
  from space 20480K, 93% used [0x00000000df080000,0x00000000e0348250,0x00000000e0480000)
  to   space 23040K, 0% used [0x00000000dda00000,0x00000000dda00000,0x00000000df080000)
 ParOldGen       total 109568K, used 28031K [0x0000000081600000, 0x0000000088100000, 0x00000000d5d00000)
  object space 109568K, 25% used [0x0000000081600000,0x000000008315fcc8,0x0000000088100000)
 Metaspace       used 52594K, capacity 54236K, committed 54528K, reserved 1095680K
  class space    used 7012K, capacity 7378K, committed 7424K, reserved 1048576K
}
Event: 58.784 GC heap before
{Heap before GC invocations=19 (full 2):
 PSYoungGen      total 148480K, used 81133K [0x00000000d5d00000, 0x00000000e0780000, 0x0000000100000000)
  eden space 128000K, 48% used [0x00000000d5d00000,0x00000000d99734a0,0x00000000dda00000)
  from space 20480K, 93% used [0x00000000df080000,0x00000000e0348250,0x00000000e0480000)
  to   space 23040K, 0% used [0x00000000dda00000,0x00000000dda00000,0x00000000df080000)
 ParOldGen       total 109568K, used 28031K [0x0000000081600000, 0x0000000088100000, 0x00000000d5d00000)
  object space 109568K, 25% used [0x0000000081600000,0x000000008315fcc8,0x0000000088100000)
 Metaspace       used 57299K, capacity 58952K, committed 59096K, reserved 1099776K
  class space    used 7683K, capacity 8108K, committed 8192K, reserved 1048576K
Event: 58.819 GC heap after
Heap after GC invocations=19 (full 2):
 PSYoungGen      total 151040K, used 19829K [0x00000000d5d00000, 0x00000000e1780000, 0x0000000100000000)
  eden space 128000K, 0% used [0x00000000d5d00000,0x00000000d5d00000,0x00000000dda00000)
  from space 23040K, 86% used [0x00000000dda00000,0x00000000ded5d5c8,0x00000000df080000)
  to   space 25088K, 0% used [0x00000000dff00000,0x00000000dff00000,0x00000000e1780000)
 ParOldGen       total 109568K, used 28039K [0x0000000081600000, 0x0000000088100000, 0x00000000d5d00000)
  object space 109568K, 25% used [0x0000000081600000,0x0000000083161cc8,0x0000000088100000)
 Metaspace       used 57299K, capacity 58952K, committed 59096K, reserved 1099776K
  class space    used 7683K, capacity 8108K, committed 8192K, reserved 1048576K
}
Event: 58.819 GC heap before
{Heap before GC invocations=20 (full 3):
 PSYoungGen      total 151040K, used 19829K [0x00000000d5d00000, 0x00000000e1780000, 0x0000000100000000)
  eden space 128000K, 0% used [0x00000000d5d00000,0x00000000d5d00000,0x00000000dda00000)
  from space 23040K, 86% used [0x00000000dda00000,0x00000000ded5d5c8,0x00000000df080000)
  to   space 25088K, 0% used [0x00000000dff00000,0x00000000dff00000,0x00000000e1780000)
 ParOldGen       total 109568K, used 28039K [0x0000000081600000, 0x0000000088100000, 0x00000000d5d00000)
  object space 109568K, 25% used [0x0000000081600000,0x0000000083161cc8,0x0000000088100000)
 Metaspace       used 57299K, capacity 58952K, committed 59096K, reserved 1099776K
  class space    used 7683K, capacity 8108K, committed 8192K, reserved 1048576K
Event: 59.415 GC heap after
Heap after GC invocations=20 (full 3):
 PSYoungGen      total 151040K, used 0K [0x00000000d5d00000, 0x00000000e1780000, 0x0000000100000000)
  eden space 128000K, 0% used [0x00000000d5d00000,0x00000000d5d00000,0x00000000dda00000)
  from space 23040K, 0% used [0x00000000dda00000,0x00000000dda00000,0x00000000df080000)
  to   space 25088K, 0% used [0x00000000dff00000,0x00000000dff00000,0x00000000e1780000)
 ParOldGen       total 172544K, used 44228K [0x0000000081600000, 0x000000008be80000, 0x00000000d5d00000)
  object space 172544K, 25% used [0x0000000081600000,0x00000000841311a8,0x000000008be80000)
 Metaspace       used 57297K, capacity 58946K, committed 59096K, reserved 1099776K
  class space    used 7682K, capacity 8107K, committed 8192K, reserved 1048576K
}

Deoptimization events (10 events):
Event: 58.180 Thread 0x0000000002b2e000 Uncommon trap: reason=class_check action=maybe_recompile pc=0x0000000003bf4d0c method=java.util.regex.Matcher.search(I)Z @ 86
Event: 58.181 Thread 0x0000000002b2e000 Uncommon trap: reason=class_check action=maybe_recompile pc=0x0000000003bf4d0c method=java.util.regex.Matcher.search(I)Z @ 86
Event: 58.181 Thread 0x0000000002b2e000 Uncommon trap: reason=class_check action=maybe_recompile pc=0x0000000003bf4d0c method=java.util.regex.Matcher.search(I)Z @ 86
Event: 58.181 Thread 0x0000000002b2e000 Uncommon trap: reason=class_check action=maybe_recompile pc=0x0000000003bbc2f4 method=java.util.regex.Matcher.search(I)Z @ 86
Event: 58.181 Thread 0x0000000002b2e000 Uncommon trap: reason=class_check action=maybe_recompile pc=0x000000000394cde8 method=java.util.regex.Matcher.search(I)Z @ 86
Event: 58.720 Thread 0x0000000002b2e000 Uncommon trap: reason=unstable_if action=reinterpret pc=0x00000000039a84e8 method=java.lang.StringCoding$StringDecoder.decode([BII)[C @ 20
Event: 58.739 Thread 0x0000000002b2e000 Uncommon trap: reason=unstable_if action=reinterpret pc=0x0000000003834b50 method=java.util.regex.Pattern.sequence(Ljava/util/regex/Pattern$Node;)Ljava/util/regex/Pattern$Node; @ 201
Event: 59.583 Thread 0x0000000002b2e000 Uncommon trap: reason=unstable_if action=reinterpret pc=0x000000000497b028 method=com.sun.tools.javac.util.Name$Table.equals([BI[BII)Z @ 22
Event: 59.592 Thread 0x0000000002b2e000 Uncommon trap: reason=unstable_if action=reinterpret pc=0x0000000004975330 method=com.sun.tools.javac.util.Name$Table.equals([BI[BII)Z @ 22
Event: 59.603 Thread 0x0000000002b2e000 Uncommon trap: reason=unstable_if action=reinterpret pc=0x00000000035be188 method=com.sun.tools.javac.parser.UnicodeReader.scanChar()V @ 37

Internal exceptions (10 events):
Event: 43.995 Thread 0x000000001bbbe000 Exception <a 'sun/nio/fs/WindowsException'> (0x00000000dbf14b78) thrown at [C:\re\workspace\8-2-build-windows-amd64-cygwin\jdk8u131\8869\hotspot\src\share\vm\prims\jni.cpp, line 709]
Event: 43.996 Thread 0x000000001bbbe000 Exception <a 'sun/nio/fs/WindowsException'> (0x00000000dbf15330) thrown at [C:\re\workspace\8-2-build-windows-amd64-cygwin\jdk8u131\8869\hotspot\src\share\vm\prims\jni.cpp, line 709]
Event: 43.996 Thread 0x000000001da6e000 Exception <a 'sun/nio/fs/WindowsException'> (0x00000000dbe5aa60) thrown at [C:\re\workspace\8-2-build-windows-amd64-cygwin\jdk8u131\8869\hotspot\src\share\vm\prims\jni.cpp, line 709]
Event: 43.997 Thread 0x000000001da6d800 Exception <a 'sun/nio/fs/WindowsException'> (0x00000000dbda1f00) thrown at [C:\re\workspace\8-2-build-windows-amd64-cygwin\jdk8u131\8869\hotspot\src\share\vm\prims\jni.cpp, line 709]
Event: 43.997 Thread 0x000000001da6d800 Exception <a 'sun/nio/fs/WindowsException'> (0x00000000dbda2690) thrown at [C:\re\workspace\8-2-build-windows-amd64-cygwin\jdk8u131\8869\hotspot\src\share\vm\prims\jni.cpp, line 709]
Event: 43.998 Thread 0x000000001da6e000 Exception <a 'sun/nio/fs/WindowsException'> (0x00000000dbe5b1f8) thrown at [C:\re\workspace\8-2-build-windows-amd64-cygwin\jdk8u131\8869\hotspot\src\share\vm\prims\jni.cpp, line 709]
Event: 45.864 Thread 0x0000000002b2e000 Implicit null exception at 0x00000000047f2f17 to 0x00000000047f325d
Event: 53.963 Thread 0x0000000002b2e000 Implicit null exception at 0x0000000004813d51 to 0x0000000004812c71
Event: 53.963 Thread 0x0000000002b2e000 Implicit null exception at 0x0000000004813d51 to 0x0000000004812c71
Event: 53.973 Thread 0x0000000002b2e000 Implicit null exception at 0x0000000004813d51 to 0x0000000004812c71

Events (10 events):
Event: 59.490 Thread 0x0000000017916000 flushing nmethod 0x000000000478fa90
Event: 59.583 Thread 0x0000000002b2e000 Uncommon trap: trap_request=0xffffff65 fr.pc=0x000000000497b028
Event: 59.583 Thread 0x0000000002b2e000 DEOPT PACKING pc=0x000000000497b028 sp=0x0000000002c2a2b0
Event: 59.583 Thread 0x0000000002b2e000 DEOPT UNPACKING pc=0x0000000002da582a sp=0x0000000002c2a030 mode 2
Event: 59.592 Thread 0x0000000002b2e000 Uncommon trap: trap_request=0xffffff65 fr.pc=0x0000000004975330
Event: 59.592 Thread 0x0000000002b2e000 DEOPT PACKING pc=0x0000000004975330 sp=0x0000000002c2a0c0
Event: 59.592 Thread 0x0000000002b2e000 DEOPT UNPACKING pc=0x0000000002da582a sp=0x0000000002c2a040 mode 2
Event: 59.603 Thread 0x0000000002b2e000 Uncommon trap: trap_request=0xffffff65 fr.pc=0x00000000035be188
Event: 59.603 Thread 0x0000000002b2e000 DEOPT PACKING pc=0x00000000035be188 sp=0x0000000002c2a760
Event: 59.603 Thread 0x0000000002b2e000 DEOPT UNPACKING pc=0x0000000002da582a sp=0x0000000002c2a708 mode 2


Dynamic libraries:
0x00007ff670100000 - 0x00007ff670137000 	C:\Program Files\Java\jdk1.8.0_131\bin\java.exe
0x00007ffb4be70000 - 0x00007ffb4c051000 	C:\WINDOWS\SYSTEM32\ntdll.dll
0x00007ffb27320000 - 0x00007ffb27354000 	C:\Program Files\AVAST Software\Avast\x64\aswhooka.dll
0x00007ffb49a20000 - 0x00007ffb49ad2000 	C:\WINDOWS\System32\KERNEL32.DLL
0x00007ffb48820000 - 0x00007ffb48a93000 	C:\WINDOWS\System32\KERNELBASE.dll
0x00007ffb49ef0000 - 0x00007ffb49f91000 	C:\WINDOWS\System32\ADVAPI32.dll
0x00007ffb49d80000 - 0x00007ffb49e1e000 	C:\WINDOWS\System32\msvcrt.dll
0x00007ffb49500000 - 0x00007ffb4955b000 	C:\WINDOWS\System32\sechost.dll
0x00007ffb4a410000 - 0x00007ffb4a534000 	C:\WINDOWS\System32\RPCRT4.dll
0x00007ffb49830000 - 0x00007ffb499c0000 	C:\WINDOWS\System32\USER32.dll
0x00007ffb49260000 - 0x00007ffb49280000 	C:\WINDOWS\System32\win32u.dll
0x00007ffb4a6a0000 - 0x00007ffb4a6c8000 	C:\WINDOWS\System32\GDI32.dll
0x00007ffb482f0000 - 0x00007ffb48482000 	C:\WINDOWS\System32\gdi32full.dll
0x00007ffb48590000 - 0x00007ffb4862f000 	C:\WINDOWS\System32\msvcp_win.dll
0x00007ffb48490000 - 0x00007ffb4858a000 	C:\WINDOWS\System32\ucrtbase.dll
0x00007ffb39d40000 - 0x00007ffb39fa9000 	C:\WINDOWS\WinSxS\amd64_microsoft.windows.common-controls_6595b64144ccf1df_6.0.17134.48_none_b4b2216a3cb4dd3e\COMCTL32.dll
0x00007ffb4a6d0000 - 0x00007ffb4a9f3000 	C:\WINDOWS\System32\combase.dll
0x00007ffb49280000 - 0x00007ffb492fa000 	C:\WINDOWS\System32\bcryptPrimitives.dll
0x00007ffb49560000 - 0x00007ffb4958d000 	C:\WINDOWS\System32\IMM32.DLL
0x0000000061ab0000 - 0x0000000061b82000 	C:\Program Files\Java\jdk1.8.0_131\jre\bin\msvcr100.dll
0x0000000061210000 - 0x0000000061aac000 	C:\Program Files\Java\jdk1.8.0_131\jre\bin\server\jvm.dll
0x00007ffb49ae0000 - 0x00007ffb49ae8000 	C:\WINDOWS\System32\PSAPI.DLL
0x00007ffb31d60000 - 0x00007ffb31d69000 	C:\WINDOWS\SYSTEM32\WSOCK32.dll
0x00007ffb49c90000 - 0x00007ffb49cfc000 	C:\WINDOWS\System32\WS2_32.dll
0x00007ffb43bc0000 - 0x00007ffb43be3000 	C:\WINDOWS\SYSTEM32\WINMM.dll
0x00007ffb37de0000 - 0x00007ffb37dea000 	C:\WINDOWS\SYSTEM32\VERSION.dll
0x00007ffb43b90000 - 0x00007ffb43bba000 	C:\WINDOWS\SYSTEM32\WINMMBASE.dll
0x00007ffb48240000 - 0x00007ffb48289000 	C:\WINDOWS\System32\cfgmgr32.dll
0x0000000062d00000 - 0x0000000062d0f000 	C:\Program Files\Java\jdk1.8.0_131\jre\bin\verify.dll
0x00000000611e0000 - 0x0000000061209000 	C:\Program Files\Java\jdk1.8.0_131\jre\bin\java.dll
0x0000000062ce0000 - 0x0000000062cf6000 	C:\Program Files\Java\jdk1.8.0_131\jre\bin\zip.dll
0x00007ffb4aa00000 - 0x00007ffb4be40000 	C:\WINDOWS\System32\SHELL32.dll
0x00007ffb49be0000 - 0x00007ffb49c89000 	C:\WINDOWS\System32\shcore.dll
0x00007ffb48aa0000 - 0x00007ffb491ad000 	C:\WINDOWS\System32\windows.storage.dll
0x00007ffb494a0000 - 0x00007ffb494f1000 	C:\WINDOWS\System32\shlwapi.dll
0x00007ffb48200000 - 0x00007ffb48211000 	C:\WINDOWS\System32\kernel.appcore.dll
0x00007ffb48220000 - 0x00007ffb4823f000 	C:\WINDOWS\System32\profapi.dll
0x00007ffb48180000 - 0x00007ffb481cc000 	C:\WINDOWS\System32\powrprof.dll
0x00007ffb481f0000 - 0x00007ffb481fa000 	C:\WINDOWS\System32\FLTLIB.DLL
0x00000000611c0000 - 0x00000000611da000 	C:\Program Files\Java\jdk1.8.0_131\jre\bin\net.dll
0x00007ffb47a00000 - 0x00007ffb47a66000 	C:\WINDOWS\system32\mswsock.dll
0x00000000611a0000 - 0x00000000611b1000 	C:\Program Files\Java\jdk1.8.0_131\jre\bin\nio.dll
0x00007ffb418b0000 - 0x00007ffb418c2000 	C:\Users\Thapelo\.gradle\native\19\windows-amd64\native-platform.dll
0x0000000180000000 - 0x0000000180037000 	C:\Users\Thapelo\.gradle\native\jna\win32-amd64\jnidispatch.dll
0x00007ffb47bb0000 - 0x00007ffb47bc7000 	C:\WINDOWS\SYSTEM32\CRYPTSP.dll
0x00007ffb475e0000 - 0x00007ffb47613000 	C:\WINDOWS\system32\rsaenh.dll
0x00007ffb47ce0000 - 0x00007ffb47d05000 	C:\WINDOWS\SYSTEM32\bcrypt.dll
0x00007ffb480b0000 - 0x00007ffb480d8000 	C:\WINDOWS\SYSTEM32\USERENV.dll
0x00007ffb47bd0000 - 0x00007ffb47bdb000 	C:\WINDOWS\SYSTEM32\CRYPTBASE.dll
0x00007ffb47780000 - 0x00007ffb477b8000 	C:\WINDOWS\SYSTEM32\IPHLPAPI.DLL
0x00007ffb4a3f0000 - 0x00007ffb4a3f8000 	C:\WINDOWS\System32\NSI.dll
0x00007ffb3e270000 - 0x00007ffb3e286000 	C:\WINDOWS\SYSTEM32\dhcpcsvc6.DLL
0x00007ffb3dfd0000 - 0x00007ffb3dfea000 	C:\WINDOWS\SYSTEM32\dhcpcsvc.DLL
0x0000000061190000 - 0x000000006119d000 	C:\Program Files\Java\jdk1.8.0_131\jre\bin\management.dll
0x00007ffb47270000 - 0x00007ffb472a1000 	C:\WINDOWS\SYSTEM32\ntmarta.dll

VM Arguments:
jvm_args: -Dorg.gradle.appname=gradlew 
java_command: org.gradle.wrapper.GradleWrapperMain installDebug
java_class_path (initial): D:\2018\diski_nine_9_mobile\android\\gradle\wrapper\gradle-wrapper.jar
Launcher Type: SUN_STANDARD

Environment Variables:
JAVA_HOME=C:\Program Files\Java\jdk1.8.0_131
CLASSPATH=D:\2018\diski_nine_9_mobile\android\\gradle\wrapper\gradle-wrapper.jar
PATH=C:\Program Files\Docker\Docker\Resources\bin;C:\Python27\;C:\Python27\Scripts;C:\ProgramData\Oracle\Java\javapath;C:\WINDOWS\system32;C:\WINDOWS;C:\WINDOWS\System32\Wbem;C:\WINDOWS\System32\WindowsPowerShell\v1.0\;C:\Program Files\MongoDB\Server\3.4\bin;C:\ProgramData\chocolatey\bin;C:\Program Files\Microsoft\Web Platform Installer\;C:\Program Files (x86)\Microsoft ASP.NET\ASP.NET Web Pages\v1.0\;C:\Program Files (x86)\Windows Kits\8.0\Windows Performance Toolkit\;C:\Program Files\Microsoft SQL Server\110\Tools\Binn\;C:\Users\Thapelo\AppData\Local\Android\sdk\tools\bin;C:\Program Files\Java\jdk1.8.0_131\bin;C:\Users\Thapelo\AppData\Local\Android\sdk\build-tools\23.0.1;C:\Users\Thapelo\AppData\Local\Android\sdk\platform-tools;C:\Users\Thapelo\AppData\Local\Android\sdk\build-tools\27.0.3;C:\WINDOWS\System32\OpenSSH\;C:\Program Files\Git\cmd;C:\Program Files\nodejs\;C:\Program Files\MongoDB\Server\3.6\bin;C:\Users\Thapelo\AppData\Local\Microsoft\WindowsApps;C:\Program Files (x86)\Microsoft VS Code\bin;C:\Program Files\MongoDB\Server\3.4\bin;C:\Program Files\Heroku\bin;C:\Users\Thapelo\AppData\Local\Android\Sdk;C:\Users\Thapelo\AppData\Local\Android\sdk\platform-tools;C:\Users\Thapelo\AppData\Local\Android\sdk\build-tools\27.0.3;C:\Users\Thapelo\AppData\Roaming\npm;C:\Program Files\MongoDB\Server\3.6\bin;
USERNAME=Thapelo
OS=Windows_NT
PROCESSOR_IDENTIFIER=Intel64 Family 6 Model 69 Stepping 1, GenuineIntel



---------------  S Y S T E M  ---------------

OS: Windows 10.0 , 64 bit Build 17134 (10.0.17134.1)

CPU:total 4 (initial active 4) (2 cores per cpu, 2 threads per core) family 6 model 69 stepping 1, cmov, cx8, fxsr, mmx, sse, sse2, sse3, ssse3, sse4.1, sse4.2, popcnt, avx, avx2, aes, clmul, erms, lzcnt, ht, tsc, tscinvbit, bmi1, bmi2

Memory: 4k page, physical 8291828k(1064408k free), swap 10734832k(4132k free)

vm_info: Java HotSpot(TM) 64-Bit Server VM (25.131-b11) for windows-amd64 JRE (1.8.0_131-b11), built on Mar 15 2017 01:23:53 by "java_re" with MS VC++ 10.0 (VS2010)

time: Mon May 28 15:29:09 2018
elapsed time: 59 seconds (0d 0h 0m 59s)

